<?xml version="1.0" encoding="UTF-8" ?>
<testsuites>
  <testsuite failures="0" hostname="ibm-abhishekarya" id="0" name="TrainingModules/tests" package="" skipped="0" tests="1" time="259.399" timestamp="Tue Jun 28 13:29:57 IST 2022">
	    <properties>
		      <property name="excludeCallableTestCases" value="true" />

		      <property name="testEnvironment" value="" />

		      <property name="pluginOutputLevel" value="WARNING" />

		      <property name="projectPath" value=".." />

		      <property name="salesforceMetadataCache" value="Reuse" />

		      <property name="resultsPathDisposition" value="Increment" />

		      <property name="testOutputLevel" value="INFO" />

		      <property name="webBrowserType" value="Chrome" />

		      <property name="resultsPath" value="../ANT/Results" />

		      <property name="webBrowserConfiguration" value="Full Screen" />

		      <property name="projectCachePath" value="C:\Users\abhishek.arya\Provar\Zephyr\TrainingModules\ANT\..\..\.provarCaches" />

	    </properties>

	    <testcase classname="tests/PROT_12.testcase" name="PROT_12.testcase" time="253.892">
	</testcase>

  </testsuite>
</testsuites>
